This file contains any messages produced by compilers while
running configure, to aid debugging if configure makes a mistake.

It was created by darrc configure 0.1, which was
generated by GNU Autoconf 2.69.  Invocation command line was

  $ ./configure 

## --------- ##
## Platform. ##
## --------- ##

hostname = antonio-VirtualBox
uname -m = x86_64
uname -r = 5.4.0-40-generic
uname -s = Linux
uname -v = #44-Ubuntu SMP Tue Jun 23 00:01:04 UTC 2020

/usr/bin/uname -p = x86_64
/bin/uname -X     = unknown

/bin/arch              = x86_64
/usr/bin/arch -k       = unknown
/usr/convex/getsysinfo = unknown
/usr/bin/hostinfo      = unknown
/bin/machine           = unknown
/usr/bin/oslevel       = unknown
/bin/universe          = unknown

PATH: /usr/local/sbin
PATH: /usr/local/bin
PATH: /usr/sbin
PATH: /usr/bin
PATH: /sbin
PATH: /bin
PATH: /usr/games
PATH: /usr/local/games
PATH: /snap/bin


## ----------- ##
## Core tests. ##
## ----------- ##

configure:2247: checking for gcc
configure:2263: found /usr/bin/gcc
configure:2274: result: gcc
configure:2503: checking for C compiler version
configure:2512: gcc --version >&5
gcc (Ubuntu 9.3.0-10ubuntu2) 9.3.0
Copyright (C) 2019 Free Software Foundation, Inc.
This is free software; see the source for copying conditions.  There is NO
warranty; not even for MERCHANTABILITY or FITNESS FOR A PARTICULAR PURPOSE.

configure:2523: $? = 0
configure:2512: gcc -v >&5
Using built-in specs.
COLLECT_GCC=gcc
COLLECT_LTO_WRAPPER=/usr/lib/gcc/x86_64-linux-gnu/9/lto-wrapper
OFFLOAD_TARGET_NAMES=nvptx-none:hsa
OFFLOAD_TARGET_DEFAULT=1
Target: x86_64-linux-gnu
Configured with: ../src/configure -v --with-pkgversion='Ubuntu 9.3.0-10ubuntu2' --with-bugurl=file:///usr/share/doc/gcc-9/README.Bugs --enable-languages=c,ada,c++,go,brig,d,fortran,objc,obj-c++,gm2 --prefix=/usr --with-gcc-major-version-only --program-suffix=-9 --program-prefix=x86_64-linux-gnu- --enable-shared --enable-linker-build-id --libexecdir=/usr/lib --without-included-gettext --enable-threads=posix --libdir=/usr/lib --enable-nls --enable-clocale=gnu --enable-libstdcxx-debug --enable-libstdcxx-time=yes --with-default-libstdcxx-abi=new --enable-gnu-unique-object --disable-vtable-verify --enable-plugin --enable-default-pie --with-system-zlib --with-target-system-zlib=auto --enable-objc-gc=auto --enable-multiarch --disable-werror --with-arch-32=i686 --with-abi=m64 --with-multilib-list=m32,m64,mx32 --enable-multilib --with-tune=generic --enable-offload-targets=nvptx-none,hsa --without-cuda-driver --enable-checking=release --build=x86_64-linux-gnu --host=x86_64-linux-gnu --target=x86_64-linux-gnu
Thread model: posix
gcc version 9.3.0 (Ubuntu 9.3.0-10ubuntu2) 
configure:2523: $? = 0
configure:2512: gcc -V >&5
gcc: error: unrecognized command line option '-V'
gcc: fatal error: no input files
compilation terminated.
configure:2523: $? = 1
configure:2512: gcc -qversion >&5
gcc: error: unrecognized command line option '-qversion'; did you mean '--version'?
gcc: fatal error: no input files
compilation terminated.
configure:2523: $? = 1
configure:2543: checking whether the C compiler works
configure:2565: gcc    conftest.c  >&5
configure:2569: $? = 0
configure:2617: result: yes
configure:2620: checking for C compiler default output file name
configure:2622: result: a.out
configure:2628: checking for suffix of executables
configure:2635: gcc -o conftest    conftest.c  >&5
configure:2639: $? = 0
configure:2661: result: 
configure:2683: checking whether we are cross compiling
configure:2691: gcc -o conftest    conftest.c  >&5
configure:2695: $? = 0
configure:2702: ./conftest
configure:2706: $? = 0
configure:2694: result: no
configure:2699: checking for suffix of object files
configure:2721: gcc -c   conftest.c >&5
configure:2725: $? = 0
configure:2746: result: o
configure:2750: checking whether we are using the GNU C compiler
configure:2769: gcc -c   conftest.c >&5
configure:2769: $? = 0
configure:2778: result: yes
configure:2787: checking whether gcc accepts -g
configure:2807: gcc -c -g  conftest.c >&5
configure:2807: $? = 0
configure:2848: result: yes
configure:2865: checking for gcc option to accept ISO C89
configure:2928: gcc  -c -g -O2  conftest.c >&5
configure:2928: $? = 0
configure:2941: result: none needed
configure:2972: checking how to run the C preprocessor
configure:3003: gcc -E  conftest.c
configure:3003: $? = 0
configure:3017: gcc -E  conftest.c
conftest.c:9:10: fatal error: ac_nonexistent.h: No such file or directory
    9 | #include <ac_nonexistent.h>
      |          ^~~~~~~~~~~~~~~~~~
compilation terminated.
configure:3017: $? = 1
configure: failed program was:
| /* confdefs.h */
| #define PACKAGE_NAME "darrc"
| #define PACKAGE_TARNAME "darrc"
| #define PACKAGE_VERSION "0.1"
| #define PACKAGE_STRING "darrc 0.1"
| #define PACKAGE_BUGREPORT ""
| #define PACKAGE_URL ""
| /* end confdefs.h.  */
| #include <ac_nonexistent.h>
configure:3042: result: gcc -E
configure:3062: gcc -E  conftest.c
configure:3062: $? = 0
configure:3076: gcc -E  conftest.c
conftest.c:9:10: fatal error: ac_nonexistent.h: No such file or directory
    9 | #include <ac_nonexistent.h>
      |          ^~~~~~~~~~~~~~~~~~
compilation terminated.
configure:3076: $? = 1
configure: failed program was:
| /* confdefs.h */
| #define PACKAGE_NAME "darrc"
| #define PACKAGE_TARNAME "darrc"
| #define PACKAGE_VERSION "0.1"
| #define PACKAGE_STRING "darrc 0.1"
| #define PACKAGE_BUGREPORT ""
| #define PACKAGE_URL ""
| /* end confdefs.h.  */
| #include <ac_nonexistent.h>
configure:3105: checking for grep that handles long lines and -e
configure:3163: result: /usr/bin/grep
configure:3168: checking for egrep
configure:3230: result: /usr/bin/grep -E
configure:3235: checking for ANSI C header files
configure:3255: gcc -c -O3 -Wall -std=c99 -Wno-unknown-pragmas  conftest.c >&5
configure:3255: $? = 0
configure:3328: gcc -o conftest -O3 -Wall -std=c99 -Wno-unknown-pragmas   conftest.c  -lm >&5
configure:3328: $? = 0
configure:3328: ./conftest
configure:3328: $? = 0
configure:3339: result: yes
configure:3352: checking for sys/types.h
configure:3352: gcc -c -O3 -Wall -std=c99 -Wno-unknown-pragmas  conftest.c >&5
configure:3352: $? = 0
configure:3352: result: yes
configure:3352: checking for sys/stat.h
configure:3352: gcc -c -O3 -Wall -std=c99 -Wno-unknown-pragmas  conftest.c >&5
configure:3352: $? = 0
configure:3352: result: yes
configure:3352: checking for stdlib.h
configure:3352: gcc -c -O3 -Wall -std=c99 -Wno-unknown-pragmas  conftest.c >&5
configure:3352: $? = 0
configure:3352: result: yes
configure:3352: checking for string.h
configure:3352: gcc -c -O3 -Wall -std=c99 -Wno-unknown-pragmas  conftest.c >&5
configure:3352: $? = 0
configure:3352: result: yes
configure:3352: checking for memory.h
configure:3352: gcc -c -O3 -Wall -std=c99 -Wno-unknown-pragmas  conftest.c >&5
configure:3352: $? = 0
configure:3352: result: yes
configure:3352: checking for strings.h
configure:3352: gcc -c -O3 -Wall -std=c99 -Wno-unknown-pragmas  conftest.c >&5
configure:3352: $? = 0
configure:3352: result: yes
configure:3352: checking for inttypes.h
configure:3352: gcc -c -O3 -Wall -std=c99 -Wno-unknown-pragmas  conftest.c >&5
configure:3352: $? = 0
configure:3352: result: yes
configure:3352: checking for stdint.h
configure:3352: gcc -c -O3 -Wall -std=c99 -Wno-unknown-pragmas  conftest.c >&5
configure:3352: $? = 0
configure:3352: result: yes
configure:3352: checking for unistd.h
configure:3352: gcc -c -O3 -Wall -std=c99 -Wno-unknown-pragmas  conftest.c >&5
configure:3352: $? = 0
configure:3352: result: yes
configure:3366: checking Judy.h usability
configure:3366: gcc -c -O3 -Wall -std=c99 -Wno-unknown-pragmas  conftest.c >&5
configure:3366: $? = 0
configure:3366: result: yes
configure:3366: checking Judy.h presence
configure:3366: gcc -E  conftest.c
configure:3366: $? = 0
configure:3366: result: yes
configure:3366: checking for Judy.h
configure:3366: result: yes
configure:3371: checking for library containing JudySLIns
configure:3402: gcc -o conftest -O3 -Wall -std=c99 -Wno-unknown-pragmas   conftest.c  -lm >&5
/usr/bin/ld: /tmp/ccOISZjy.o: in function `main':
conftest.c:(.text.startup+0xb): undefined reference to `JudySLIns'
collect2: error: ld returned 1 exit status
configure:3402: $? = 1
configure: failed program was:
| /* confdefs.h */
| #define PACKAGE_NAME "darrc"
| #define PACKAGE_TARNAME "darrc"
| #define PACKAGE_VERSION "0.1"
| #define PACKAGE_STRING "darrc 0.1"
| #define PACKAGE_BUGREPORT ""
| #define PACKAGE_URL ""
| #define STDC_HEADERS 1
| #define HAVE_SYS_TYPES_H 1
| #define HAVE_SYS_STAT_H 1
| #define HAVE_STDLIB_H 1
| #define HAVE_STRING_H 1
| #define HAVE_MEMORY_H 1
| #define HAVE_STRINGS_H 1
| #define HAVE_INTTYPES_H 1
| #define HAVE_STDINT_H 1
| #define HAVE_UNISTD_H 1
| #define HAVE_JUDY_H 1
| /* end confdefs.h.  */
| 
| /* Override any GCC internal prototype to avoid an error.
|    Use char because int might match the return type of a GCC
|    builtin and then its argument prototype would still apply.  */
| #ifdef __cplusplus
| extern "C"
| #endif
| char JudySLIns ();
| int
| main ()
| {
| return JudySLIns ();
|   ;
|   return 0;
| }
configure:3402: gcc -o conftest -O3 -Wall -std=c99 -Wno-unknown-pragmas   conftest.c -lJudy   -lm >&5
configure:3402: $? = 0
configure:3419: result: -lJudy
configure:3438: checking jemalloc/jemalloc.h usability
configure:3438: gcc -c -O3 -Wall -std=c99 -Wno-unknown-pragmas  conftest.c >&5
configure:3438: $? = 0
configure:3438: result: yes
configure:3438: checking jemalloc/jemalloc.h presence
configure:3438: gcc -E  conftest.c
configure:3438: $? = 0
configure:3438: result: yes
configure:3438: checking for jemalloc/jemalloc.h
configure:3438: result: yes
configure:3450: checking for library containing je_malloc_stats_print
configure:3481: gcc -o conftest -O3 -Wall -std=c99 -Wno-unknown-pragmas   conftest.c -lJudy  -lm >&5
/usr/bin/ld: /tmp/ccEKUYSk.o: in function `main':
conftest.c:(.text.startup+0xb): undefined reference to `je_malloc_stats_print'
collect2: error: ld returned 1 exit status
configure:3481: $? = 1
configure: failed program was:
| /* confdefs.h */
| #define PACKAGE_NAME "darrc"
| #define PACKAGE_TARNAME "darrc"
| #define PACKAGE_VERSION "0.1"
| #define PACKAGE_STRING "darrc 0.1"
| #define PACKAGE_BUGREPORT ""
| #define PACKAGE_URL ""
| #define STDC_HEADERS 1
| #define HAVE_SYS_TYPES_H 1
| #define HAVE_SYS_STAT_H 1
| #define HAVE_STDLIB_H 1
| #define HAVE_STRING_H 1
| #define HAVE_MEMORY_H 1
| #define HAVE_STRINGS_H 1
| #define HAVE_INTTYPES_H 1
| #define HAVE_STDINT_H 1
| #define HAVE_UNISTD_H 1
| #define HAVE_JUDY_H 1
| #define HAVE_JEMALLOC_JEMALLOC_H 1
| /* end confdefs.h.  */
| 
| /* Override any GCC internal prototype to avoid an error.
|    Use char because int might match the return type of a GCC
|    builtin and then its argument prototype would still apply.  */
| #ifdef __cplusplus
| extern "C"
| #endif
| char je_malloc_stats_print ();
| int
| main ()
| {
| return je_malloc_stats_print ();
|   ;
|   return 0;
| }
configure:3481: gcc -o conftest -O3 -Wall -std=c99 -Wno-unknown-pragmas   conftest.c -ljemalloc  -lJudy  -lm >&5
/usr/bin/ld: /tmp/cclrMhfk.o: in function `main':
conftest.c:(.text.startup+0xb): undefined reference to `je_malloc_stats_print'
collect2: error: ld returned 1 exit status
configure:3481: $? = 1
configure: failed program was:
| /* confdefs.h */
| #define PACKAGE_NAME "darrc"
| #define PACKAGE_TARNAME "darrc"
| #define PACKAGE_VERSION "0.1"
| #define PACKAGE_STRING "darrc 0.1"
| #define PACKAGE_BUGREPORT ""
| #define PACKAGE_URL ""
| #define STDC_HEADERS 1
| #define HAVE_SYS_TYPES_H 1
| #define HAVE_SYS_STAT_H 1
| #define HAVE_STDLIB_H 1
| #define HAVE_STRING_H 1
| #define HAVE_MEMORY_H 1
| #define HAVE_STRINGS_H 1
| #define HAVE_INTTYPES_H 1
| #define HAVE_STDINT_H 1
| #define HAVE_UNISTD_H 1
| #define HAVE_JUDY_H 1
| #define HAVE_JEMALLOC_JEMALLOC_H 1
| /* end confdefs.h.  */
| 
| /* Override any GCC internal prototype to avoid an error.
|    Use char because int might match the return type of a GCC
|    builtin and then its argument prototype would still apply.  */
| #ifdef __cplusplus
| extern "C"
| #endif
| char je_malloc_stats_print ();
| int
| main ()
| {
| return je_malloc_stats_print ();
|   ;
|   return 0;
| }
configure:3498: result: no
configure:3505: checking for library containing malloc_stats_print
configure:3536: gcc -o conftest -O3 -Wall -std=c99 -Wno-unknown-pragmas   conftest.c -lJudy  -lm >&5
/usr/bin/ld: /tmp/ccn120dr.o: in function `main':
conftest.c:(.text.startup+0xb): undefined reference to `malloc_stats_print'
collect2: error: ld returned 1 exit status
configure:3536: $? = 1
configure: failed program was:
| /* confdefs.h */
| #define PACKAGE_NAME "darrc"
| #define PACKAGE_TARNAME "darrc"
| #define PACKAGE_VERSION "0.1"
| #define PACKAGE_STRING "darrc 0.1"
| #define PACKAGE_BUGREPORT ""
| #define PACKAGE_URL ""
| #define STDC_HEADERS 1
| #define HAVE_SYS_TYPES_H 1
| #define HAVE_SYS_STAT_H 1
| #define HAVE_STDLIB_H 1
| #define HAVE_STRING_H 1
| #define HAVE_MEMORY_H 1
| #define HAVE_STRINGS_H 1
| #define HAVE_INTTYPES_H 1
| #define HAVE_STDINT_H 1
| #define HAVE_UNISTD_H 1
| #define HAVE_JUDY_H 1
| #define HAVE_JEMALLOC_JEMALLOC_H 1
| /* end confdefs.h.  */
| 
| /* Override any GCC internal prototype to avoid an error.
|    Use char because int might match the return type of a GCC
|    builtin and then its argument prototype would still apply.  */
| #ifdef __cplusplus
| extern "C"
| #endif
| char malloc_stats_print ();
| int
| main ()
| {
| return malloc_stats_print ();
|   ;
|   return 0;
| }
configure:3536: gcc -o conftest -O3 -Wall -std=c99 -Wno-unknown-pragmas   conftest.c -ljemalloc  -lJudy  -lm >&5
configure:3536: $? = 0
configure:3553: result: -ljemalloc
configure:3568: checking bft/bft.h usability
configure:3568: gcc -c -O3 -Wall -std=c99 -Wno-unknown-pragmas  conftest.c >&5
configure:3568: $? = 0
configure:3568: result: yes
configure:3568: checking bft/bft.h presence
configure:3568: gcc -E  conftest.c
configure:3568: $? = 0
configure:3568: result: yes
configure:3568: checking for bft/bft.h
configure:3568: result: yes
configure:3573: checking for library containing insert_Genomes_from_KmerFiles
configure:3604: gcc -o conftest -O3 -Wall -std=c99 -Wno-unknown-pragmas   conftest.c -ljemalloc -lJudy  -lm >&5
/usr/bin/ld: /tmp/ccBw5b4r.o: in function `main':
conftest.c:(.text.startup+0xb): undefined reference to `insert_Genomes_from_KmerFiles'
collect2: error: ld returned 1 exit status
configure:3604: $? = 1
configure: failed program was:
| /* confdefs.h */
| #define PACKAGE_NAME "darrc"
| #define PACKAGE_TARNAME "darrc"
| #define PACKAGE_VERSION "0.1"
| #define PACKAGE_STRING "darrc 0.1"
| #define PACKAGE_BUGREPORT ""
| #define PACKAGE_URL ""
| #define STDC_HEADERS 1
| #define HAVE_SYS_TYPES_H 1
| #define HAVE_SYS_STAT_H 1
| #define HAVE_STDLIB_H 1
| #define HAVE_STRING_H 1
| #define HAVE_MEMORY_H 1
| #define HAVE_STRINGS_H 1
| #define HAVE_INTTYPES_H 1
| #define HAVE_STDINT_H 1
| #define HAVE_UNISTD_H 1
| #define HAVE_JUDY_H 1
| #define HAVE_JEMALLOC_JEMALLOC_H 1
| #define HAVE_BFT_BFT_H 1
| /* end confdefs.h.  */
| 
| /* Override any GCC internal prototype to avoid an error.
|    Use char because int might match the return type of a GCC
|    builtin and then its argument prototype would still apply.  */
| #ifdef __cplusplus
| extern "C"
| #endif
| char insert_Genomes_from_KmerFiles ();
| int
| main ()
| {
| return insert_Genomes_from_KmerFiles ();
|   ;
|   return 0;
| }
configure:3604: gcc -o conftest -O3 -Wall -std=c99 -Wno-unknown-pragmas   conftest.c -lbft  -ljemalloc -lJudy  -lm >&5
configure:3604: $? = 0
configure:3621: result: -lbft
configure:3640: checking for 7z
configure:3656: found /usr/bin/7z
configure:3667: result: 7z_present
configure:3681: checking for stdbool.h that conforms to C99
configure:3748: gcc -c -O3 -Wall -std=c99 -Wno-unknown-pragmas -D_7ZIP_ST  conftest.c >&5
conftest.c: In function 'main':
conftest.c:71:14: warning: the address of 's' will always evaluate as 'true' [-Waddress]
   71 |              bool e = &s;
      |              ^~~~
conftest.c:75:22: warning: the address of 'a' will always evaluate as 'true' [-Waddress]
   75 |              return (!a + !b + !c + !d + !e + !f + !g + !h + !i + !!j + !k + !!l
      |                      ^
conftest.c:75:27: warning: the address of 'b' will always evaluate as 'true' [-Waddress]
   75 |              return (!a + !b + !c + !d + !e + !f + !g + !h + !i + !!j + !k + !!l
      |                           ^
conftest.c:75:32: warning: the address of 'c' will always evaluate as 'true' [-Waddress]
   75 |              return (!a + !b + !c + !d + !e + !f + !g + !h + !i + !!j + !k + !!l
      |                                ^
conftest.c:75:37: warning: the address of 'd' will always evaluate as 'true' [-Waddress]
   75 |              return (!a + !b + !c + !d + !e + !f + !g + !h + !i + !!j + !k + !!l
      |                                     ^
conftest.c:75:47: warning: the address of 'f' will always evaluate as 'true' [-Waddress]
   75 |              return (!a + !b + !c + !d + !e + !f + !g + !h + !i + !!j + !k + !!l
      |                                               ^
conftest.c:75:52: warning: the address of 'g' will always evaluate as 'true' [-Waddress]
   75 |              return (!a + !b + !c + !d + !e + !f + !g + !h + !i + !!j + !k + !!l
      |                                                    ^
conftest.c:75:57: warning: the address of 'h' will always evaluate as 'true' [-Waddress]
   75 |              return (!a + !b + !c + !d + !e + !f + !g + !h + !i + !!j + !k + !!l
      |                                                         ^
conftest.c:75:62: warning: the address of 'i' will always evaluate as 'true' [-Waddress]
   75 |              return (!a + !b + !c + !d + !e + !f + !g + !h + !i + !!j + !k + !!l
      |                                                              ^
conftest.c:76:29: warning: the address of 'n' will always evaluate as 'true' [-Waddress]
   76 |                      + !m + !n + !o + !p + !q + !pq);
      |                             ^
conftest.c:76:34: warning: the address of 'o' will always evaluate as 'true' [-Waddress]
   76 |                      + !m + !n + !o + !p + !q + !pq);
      |                                  ^
conftest.c:76:39: warning: the address of 'p' will always evaluate as 'true' [-Waddress]
   76 |                      + !m + !n + !o + !p + !q + !pq);
      |                                       ^
configure:3748: $? = 0
configure:3755: result: yes
configure:3757: checking for _Bool
configure:3757: gcc -c -O3 -Wall -std=c99 -Wno-unknown-pragmas -D_7ZIP_ST  conftest.c >&5
configure:3757: $? = 0
configure:3757: gcc -c -O3 -Wall -std=c99 -Wno-unknown-pragmas -D_7ZIP_ST  conftest.c >&5
conftest.c: In function 'main':
conftest.c:58:20: error: expected expression before ')' token
   58 | if (sizeof ((_Bool)))
      |                    ^
configure:3757: $? = 1
configure: failed program was:
| /* confdefs.h */
| #define PACKAGE_NAME "darrc"
| #define PACKAGE_TARNAME "darrc"
| #define PACKAGE_VERSION "0.1"
| #define PACKAGE_STRING "darrc 0.1"
| #define PACKAGE_BUGREPORT ""
| #define PACKAGE_URL ""
| #define STDC_HEADERS 1
| #define HAVE_SYS_TYPES_H 1
| #define HAVE_SYS_STAT_H 1
| #define HAVE_STDLIB_H 1
| #define HAVE_STRING_H 1
| #define HAVE_MEMORY_H 1
| #define HAVE_STRINGS_H 1
| #define HAVE_INTTYPES_H 1
| #define HAVE_STDINT_H 1
| #define HAVE_UNISTD_H 1
| #define HAVE_JUDY_H 1
| #define HAVE_JEMALLOC_JEMALLOC_H 1
| #define HAVE_BFT_BFT_H 1
| /* end confdefs.h.  */
| #include <stdio.h>
| #ifdef HAVE_SYS_TYPES_H
| # include <sys/types.h>
| #endif
| #ifdef HAVE_SYS_STAT_H
| # include <sys/stat.h>
| #endif
| #ifdef STDC_HEADERS
| # include <stdlib.h>
| # include <stddef.h>
| #else
| # ifdef HAVE_STDLIB_H
| #  include <stdlib.h>
| # endif
| #endif
| #ifdef HAVE_STRING_H
| # if !defined STDC_HEADERS && defined HAVE_MEMORY_H
| #  include <memory.h>
| # endif
| # include <string.h>
| #endif
| #ifdef HAVE_STRINGS_H
| # include <strings.h>
| #endif
| #ifdef HAVE_INTTYPES_H
| # include <inttypes.h>
| #endif
| #ifdef HAVE_STDINT_H
| # include <stdint.h>
| #endif
| #ifdef HAVE_UNISTD_H
| # include <unistd.h>
| #endif
| int
| main ()
| {
| if (sizeof ((_Bool)))
| 	    return 0;
|   ;
|   return 0;
| }
configure:3757: result: yes
configure:3768: checking for off_t
configure:3768: gcc -c -O3 -Wall -std=c99 -Wno-unknown-pragmas -D_7ZIP_ST  conftest.c >&5
configure:3768: $? = 0
configure:3768: gcc -c -O3 -Wall -std=c99 -Wno-unknown-pragmas -D_7ZIP_ST  conftest.c >&5
conftest.c: In function 'main':
conftest.c:59:20: error: expected expression before ')' token
   59 | if (sizeof ((off_t)))
      |                    ^
configure:3768: $? = 1
configure: failed program was:
| /* confdefs.h */
| #define PACKAGE_NAME "darrc"
| #define PACKAGE_TARNAME "darrc"
| #define PACKAGE_VERSION "0.1"
| #define PACKAGE_STRING "darrc 0.1"
| #define PACKAGE_BUGREPORT ""
| #define PACKAGE_URL ""
| #define STDC_HEADERS 1
| #define HAVE_SYS_TYPES_H 1
| #define HAVE_SYS_STAT_H 1
| #define HAVE_STDLIB_H 1
| #define HAVE_STRING_H 1
| #define HAVE_MEMORY_H 1
| #define HAVE_STRINGS_H 1
| #define HAVE_INTTYPES_H 1
| #define HAVE_STDINT_H 1
| #define HAVE_UNISTD_H 1
| #define HAVE_JUDY_H 1
| #define HAVE_JEMALLOC_JEMALLOC_H 1
| #define HAVE_BFT_BFT_H 1
| #define HAVE__BOOL 1
| /* end confdefs.h.  */
| #include <stdio.h>
| #ifdef HAVE_SYS_TYPES_H
| # include <sys/types.h>
| #endif
| #ifdef HAVE_SYS_STAT_H
| # include <sys/stat.h>
| #endif
| #ifdef STDC_HEADERS
| # include <stdlib.h>
| # include <stddef.h>
| #else
| # ifdef HAVE_STDLIB_H
| #  include <stdlib.h>
| # endif
| #endif
| #ifdef HAVE_STRING_H
| # if !defined STDC_HEADERS && defined HAVE_MEMORY_H
| #  include <memory.h>
| # endif
| # include <string.h>
| #endif
| #ifdef HAVE_STRINGS_H
| # include <strings.h>
| #endif
| #ifdef HAVE_INTTYPES_H
| # include <inttypes.h>
| #endif
| #ifdef HAVE_STDINT_H
| # include <stdint.h>
| #endif
| #ifdef HAVE_UNISTD_H
| # include <unistd.h>
| #endif
| int
| main ()
| {
| if (sizeof ((off_t)))
| 	    return 0;
|   ;
|   return 0;
| }
configure:3768: result: yes
configure:3779: checking for size_t
configure:3779: gcc -c -O3 -Wall -std=c99 -Wno-unknown-pragmas -D_7ZIP_ST  conftest.c >&5
configure:3779: $? = 0
configure:3779: gcc -c -O3 -Wall -std=c99 -Wno-unknown-pragmas -D_7ZIP_ST  conftest.c >&5
conftest.c: In function 'main':
conftest.c:59:21: error: expected expression before ')' token
   59 | if (sizeof ((size_t)))
      |                     ^
configure:3779: $? = 1
configure: failed program was:
| /* confdefs.h */
| #define PACKAGE_NAME "darrc"
| #define PACKAGE_TARNAME "darrc"
| #define PACKAGE_VERSION "0.1"
| #define PACKAGE_STRING "darrc 0.1"
| #define PACKAGE_BUGREPORT ""
| #define PACKAGE_URL ""
| #define STDC_HEADERS 1
| #define HAVE_SYS_TYPES_H 1
| #define HAVE_SYS_STAT_H 1
| #define HAVE_STDLIB_H 1
| #define HAVE_STRING_H 1
| #define HAVE_MEMORY_H 1
| #define HAVE_STRINGS_H 1
| #define HAVE_INTTYPES_H 1
| #define HAVE_STDINT_H 1
| #define HAVE_UNISTD_H 1
| #define HAVE_JUDY_H 1
| #define HAVE_JEMALLOC_JEMALLOC_H 1
| #define HAVE_BFT_BFT_H 1
| #define HAVE__BOOL 1
| /* end confdefs.h.  */
| #include <stdio.h>
| #ifdef HAVE_SYS_TYPES_H
| # include <sys/types.h>
| #endif
| #ifdef HAVE_SYS_STAT_H
| # include <sys/stat.h>
| #endif
| #ifdef STDC_HEADERS
| # include <stdlib.h>
| # include <stddef.h>
| #else
| # ifdef HAVE_STDLIB_H
| #  include <stdlib.h>
| # endif
| #endif
| #ifdef HAVE_STRING_H
| # if !defined STDC_HEADERS && defined HAVE_MEMORY_H
| #  include <memory.h>
| # endif
| # include <string.h>
| #endif
| #ifdef HAVE_STRINGS_H
| # include <strings.h>
| #endif
| #ifdef HAVE_INTTYPES_H
| # include <inttypes.h>
| #endif
| #ifdef HAVE_STDINT_H
| # include <stdint.h>
| #endif
| #ifdef HAVE_UNISTD_H
| # include <unistd.h>
| #endif
| int
| main ()
| {
| if (sizeof ((size_t)))
| 	    return 0;
|   ;
|   return 0;
| }
configure:3779: result: yes
configure:3790: checking for uint16_t
configure:3790: gcc -c -O3 -Wall -std=c99 -Wno-unknown-pragmas -D_7ZIP_ST  conftest.c >&5
configure:3790: $? = 0
configure:3790: result: yes
configure:3802: checking for uint32_t
configure:3802: gcc -c -O3 -Wall -std=c99 -Wno-unknown-pragmas -D_7ZIP_ST  conftest.c >&5
configure:3802: $? = 0
configure:3802: result: yes
configure:3816: checking for uint64_t
configure:3816: gcc -c -O3 -Wall -std=c99 -Wno-unknown-pragmas -D_7ZIP_ST  conftest.c >&5
configure:3816: $? = 0
configure:3816: result: yes
configure:3830: checking for uint8_t
configure:3830: gcc -c -O3 -Wall -std=c99 -Wno-unknown-pragmas -D_7ZIP_ST  conftest.c >&5
configure:3830: $? = 0
configure:3830: result: yes
configure:3844: checking for int16_t
configure:3844: gcc -c -O3 -Wall -std=c99 -Wno-unknown-pragmas -D_7ZIP_ST  conftest.c >&5
configure:3844: $? = 0
configure:3844: gcc -c -O3 -Wall -std=c99 -Wno-unknown-pragmas -D_7ZIP_ST  conftest.c >&5
conftest.c: In function 'main':
conftest.c:60:12: error: size of array 'test_array' is negative
   60 | static int test_array [1 - 2 * !((int16_t) (((((int16_t) 1 << N) << N) - 1) * 2 + 1)
      |            ^~~~~~~~~~
configure:3844: $? = 1
configure: failed program was:
| /* confdefs.h */
| #define PACKAGE_NAME "darrc"
| #define PACKAGE_TARNAME "darrc"
| #define PACKAGE_VERSION "0.1"
| #define PACKAGE_STRING "darrc 0.1"
| #define PACKAGE_BUGREPORT ""
| #define PACKAGE_URL ""
| #define STDC_HEADERS 1
| #define HAVE_SYS_TYPES_H 1
| #define HAVE_SYS_STAT_H 1
| #define HAVE_STDLIB_H 1
| #define HAVE_STRING_H 1
| #define HAVE_MEMORY_H 1
| #define HAVE_STRINGS_H 1
| #define HAVE_INTTYPES_H 1
| #define HAVE_STDINT_H 1
| #define HAVE_UNISTD_H 1
| #define HAVE_JUDY_H 1
| #define HAVE_JEMALLOC_JEMALLOC_H 1
| #define HAVE_BFT_BFT_H 1
| #define HAVE__BOOL 1
| /* end confdefs.h.  */
| #include <stdio.h>
| #ifdef HAVE_SYS_TYPES_H
| # include <sys/types.h>
| #endif
| #ifdef HAVE_SYS_STAT_H
| # include <sys/stat.h>
| #endif
| #ifdef STDC_HEADERS
| # include <stdlib.h>
| # include <stddef.h>
| #else
| # ifdef HAVE_STDLIB_H
| #  include <stdlib.h>
| # endif
| #endif
| #ifdef HAVE_STRING_H
| # if !defined STDC_HEADERS && defined HAVE_MEMORY_H
| #  include <memory.h>
| # endif
| # include <string.h>
| #endif
| #ifdef HAVE_STRINGS_H
| # include <strings.h>
| #endif
| #ifdef HAVE_INTTYPES_H
| # include <inttypes.h>
| #endif
| #ifdef HAVE_STDINT_H
| # include <stdint.h>
| #endif
| #ifdef HAVE_UNISTD_H
| # include <unistd.h>
| #endif
| 	        enum { N = 16 / 2 - 1 };
| int
| main ()
| {
| static int test_array [1 - 2 * !((int16_t) (((((int16_t) 1 << N) << N) - 1) * 2 + 1)
| 		 < (int16_t) (((((int16_t) 1 << N) << N) - 1) * 2 + 2))];
| test_array [0] = 0;
| return test_array [0];
| 
|   ;
|   return 0;
| }
configure:3844: result: yes
configure:3855: checking for int32_t
configure:3855: gcc -c -O3 -Wall -std=c99 -Wno-unknown-pragmas -D_7ZIP_ST  conftest.c >&5
configure:3855: $? = 0
configure:3855: gcc -c -O3 -Wall -std=c99 -Wno-unknown-pragmas -D_7ZIP_ST  conftest.c >&5
conftest.c: In function 'main':
conftest.c:61:53: warning: integer overflow in expression of type 'int' results in '-2147483648' [-Woverflow]
   61 |    < (int32_t) (((((int32_t) 1 << N) << N) - 1) * 2 + 2))];
      |                                                     ^
conftest.c:60:12: error: storage size of 'test_array' isn't constant
   60 | static int test_array [1 - 2 * !((int32_t) (((((int32_t) 1 << N) << N) - 1) * 2 + 1)
      |            ^~~~~~~~~~
conftest.c:60:12: warning: unused variable 'test_array' [-Wunused-variable]
configure:3855: $? = 1
configure: failed program was:
| /* confdefs.h */
| #define PACKAGE_NAME "darrc"
| #define PACKAGE_TARNAME "darrc"
| #define PACKAGE_VERSION "0.1"
| #define PACKAGE_STRING "darrc 0.1"
| #define PACKAGE_BUGREPORT ""
| #define PACKAGE_URL ""
| #define STDC_HEADERS 1
| #define HAVE_SYS_TYPES_H 1
| #define HAVE_SYS_STAT_H 1
| #define HAVE_STDLIB_H 1
| #define HAVE_STRING_H 1
| #define HAVE_MEMORY_H 1
| #define HAVE_STRINGS_H 1
| #define HAVE_INTTYPES_H 1
| #define HAVE_STDINT_H 1
| #define HAVE_UNISTD_H 1
| #define HAVE_JUDY_H 1
| #define HAVE_JEMALLOC_JEMALLOC_H 1
| #define HAVE_BFT_BFT_H 1
| #define HAVE__BOOL 1
| /* end confdefs.h.  */
| #include <stdio.h>
| #ifdef HAVE_SYS_TYPES_H
| # include <sys/types.h>
| #endif
| #ifdef HAVE_SYS_STAT_H
| # include <sys/stat.h>
| #endif
| #ifdef STDC_HEADERS
| # include <stdlib.h>
| # include <stddef.h>
| #else
| # ifdef HAVE_STDLIB_H
| #  include <stdlib.h>
| # endif
| #endif
| #ifdef HAVE_STRING_H
| # if !defined STDC_HEADERS && defined HAVE_MEMORY_H
| #  include <memory.h>
| # endif
| # include <string.h>
| #endif
| #ifdef HAVE_STRINGS_H
| # include <strings.h>
| #endif
| #ifdef HAVE_INTTYPES_H
| # include <inttypes.h>
| #endif
| #ifdef HAVE_STDINT_H
| # include <stdint.h>
| #endif
| #ifdef HAVE_UNISTD_H
| # include <unistd.h>
| #endif
| 	        enum { N = 32 / 2 - 1 };
| int
| main ()
| {
| static int test_array [1 - 2 * !((int32_t) (((((int32_t) 1 << N) << N) - 1) * 2 + 1)
| 		 < (int32_t) (((((int32_t) 1 << N) << N) - 1) * 2 + 2))];
| test_array [0] = 0;
| return test_array [0];
| 
|   ;
|   return 0;
| }
configure:3855: result: yes
configure:3866: checking for int64_t
configure:3866: gcc -c -O3 -Wall -std=c99 -Wno-unknown-pragmas -D_7ZIP_ST  conftest.c >&5
configure:3866: $? = 0
configure:3866: gcc -c -O3 -Wall -std=c99 -Wno-unknown-pragmas -D_7ZIP_ST  conftest.c >&5
conftest.c: In function 'main':
conftest.c:61:53: warning: integer overflow in expression of type 'long int' results in '-9223372036854775808' [-Woverflow]
   61 |    < (int64_t) (((((int64_t) 1 << N) << N) - 1) * 2 + 2))];
      |                                                     ^
conftest.c:60:12: error: storage size of 'test_array' isn't constant
   60 | static int test_array [1 - 2 * !((int64_t) (((((int64_t) 1 << N) << N) - 1) * 2 + 1)
      |            ^~~~~~~~~~
conftest.c:60:12: warning: unused variable 'test_array' [-Wunused-variable]
configure:3866: $? = 1
configure: failed program was:
| /* confdefs.h */
| #define PACKAGE_NAME "darrc"
| #define PACKAGE_TARNAME "darrc"
| #define PACKAGE_VERSION "0.1"
| #define PACKAGE_STRING "darrc 0.1"
| #define PACKAGE_BUGREPORT ""
| #define PACKAGE_URL ""
| #define STDC_HEADERS 1
| #define HAVE_SYS_TYPES_H 1
| #define HAVE_SYS_STAT_H 1
| #define HAVE_STDLIB_H 1
| #define HAVE_STRING_H 1
| #define HAVE_MEMORY_H 1
| #define HAVE_STRINGS_H 1
| #define HAVE_INTTYPES_H 1
| #define HAVE_STDINT_H 1
| #define HAVE_UNISTD_H 1
| #define HAVE_JUDY_H 1
| #define HAVE_JEMALLOC_JEMALLOC_H 1
| #define HAVE_BFT_BFT_H 1
| #define HAVE__BOOL 1
| /* end confdefs.h.  */
| #include <stdio.h>
| #ifdef HAVE_SYS_TYPES_H
| # include <sys/types.h>
| #endif
| #ifdef HAVE_SYS_STAT_H
| # include <sys/stat.h>
| #endif
| #ifdef STDC_HEADERS
| # include <stdlib.h>
| # include <stddef.h>
| #else
| # ifdef HAVE_STDLIB_H
| #  include <stdlib.h>
| # endif
| #endif
| #ifdef HAVE_STRING_H
| # if !defined STDC_HEADERS && defined HAVE_MEMORY_H
| #  include <memory.h>
| # endif
| # include <string.h>
| #endif
| #ifdef HAVE_STRINGS_H
| # include <strings.h>
| #endif
| #ifdef HAVE_INTTYPES_H
| # include <inttypes.h>
| #endif
| #ifdef HAVE_STDINT_H
| # include <stdint.h>
| #endif
| #ifdef HAVE_UNISTD_H
| # include <unistd.h>
| #endif
| 	        enum { N = 64 / 2 - 1 };
| int
| main ()
| {
| static int test_array [1 - 2 * !((int64_t) (((((int64_t) 1 << N) << N) - 1) * 2 + 1)
| 		 < (int64_t) (((((int64_t) 1 << N) << N) - 1) * 2 + 2))];
| test_array [0] = 0;
| return test_array [0];
| 
|   ;
|   return 0;
| }
configure:3866: result: yes
configure:3877: checking for int8_t
configure:3877: gcc -c -O3 -Wall -std=c99 -Wno-unknown-pragmas -D_7ZIP_ST  conftest.c >&5
configure:3877: $? = 0
configure:3877: gcc -c -O3 -Wall -std=c99 -Wno-unknown-pragmas -D_7ZIP_ST  conftest.c >&5
conftest.c: In function 'main':
conftest.c:60:12: error: size of array 'test_array' is negative
   60 | static int test_array [1 - 2 * !((int8_t) (((((int8_t) 1 << N) << N) - 1) * 2 + 1)
      |            ^~~~~~~~~~
configure:3877: $? = 1
configure: failed program was:
| /* confdefs.h */
| #define PACKAGE_NAME "darrc"
| #define PACKAGE_TARNAME "darrc"
| #define PACKAGE_VERSION "0.1"
| #define PACKAGE_STRING "darrc 0.1"
| #define PACKAGE_BUGREPORT ""
| #define PACKAGE_URL ""
| #define STDC_HEADERS 1
| #define HAVE_SYS_TYPES_H 1
| #define HAVE_SYS_STAT_H 1
| #define HAVE_STDLIB_H 1
| #define HAVE_STRING_H 1
| #define HAVE_MEMORY_H 1
| #define HAVE_STRINGS_H 1
| #define HAVE_INTTYPES_H 1
| #define HAVE_STDINT_H 1
| #define HAVE_UNISTD_H 1
| #define HAVE_JUDY_H 1
| #define HAVE_JEMALLOC_JEMALLOC_H 1
| #define HAVE_BFT_BFT_H 1
| #define HAVE__BOOL 1
| /* end confdefs.h.  */
| #include <stdio.h>
| #ifdef HAVE_SYS_TYPES_H
| # include <sys/types.h>
| #endif
| #ifdef HAVE_SYS_STAT_H
| # include <sys/stat.h>
| #endif
| #ifdef STDC_HEADERS
| # include <stdlib.h>
| # include <stddef.h>
| #else
| # ifdef HAVE_STDLIB_H
| #  include <stdlib.h>
| # endif
| #endif
| #ifdef HAVE_STRING_H
| # if !defined STDC_HEADERS && defined HAVE_MEMORY_H
| #  include <memory.h>
| # endif
| # include <string.h>
| #endif
| #ifdef HAVE_STRINGS_H
| # include <strings.h>
| #endif
| #ifdef HAVE_INTTYPES_H
| # include <inttypes.h>
| #endif
| #ifdef HAVE_STDINT_H
| # include <stdint.h>
| #endif
| #ifdef HAVE_UNISTD_H
| # include <unistd.h>
| #endif
| 	        enum { N = 8 / 2 - 1 };
| int
| main ()
| {
| static int test_array [1 - 2 * !((int8_t) (((((int8_t) 1 << N) << N) - 1) * 2 + 1)
| 		 < (int8_t) (((((int8_t) 1 << N) << N) - 1) * 2 + 2))];
| test_array [0] = 0;
| return test_array [0];
| 
|   ;
|   return 0;
| }
configure:3877: result: yes
configure:4033: creating ./config.status

## ---------------------- ##
## Running config.status. ##
## ---------------------- ##

This file was extended by darrc config.status 0.1, which was
generated by GNU Autoconf 2.69.  Invocation command line was

  CONFIG_FILES    = 
  CONFIG_HEADERS  = 
  CONFIG_LINKS    = 
  CONFIG_COMMANDS = 
  $ ./config.status 

on antonio-VirtualBox

config.status:720: creating Makefile

## ---------------- ##
## Cache variables. ##
## ---------------- ##

ac_cv_c_compiler_gnu=yes
ac_cv_c_int16_t=yes
ac_cv_c_int32_t=yes
ac_cv_c_int64_t=yes
ac_cv_c_int8_t=yes
ac_cv_c_uint16_t=yes
ac_cv_c_uint32_t=yes
ac_cv_c_uint64_t=yes
ac_cv_c_uint8_t=yes
ac_cv_env_CC_set=
ac_cv_env_CC_value=
ac_cv_env_CFLAGS_set=
ac_cv_env_CFLAGS_value=
ac_cv_env_CPPFLAGS_set=
ac_cv_env_CPPFLAGS_value=
ac_cv_env_CPP_set=
ac_cv_env_CPP_value=
ac_cv_env_LDFLAGS_set=
ac_cv_env_LDFLAGS_value=
ac_cv_env_LIBS_set=
ac_cv_env_LIBS_value=
ac_cv_env_build_alias_set=
ac_cv_env_build_alias_value=
ac_cv_env_host_alias_set=
ac_cv_env_host_alias_value=
ac_cv_env_target_alias_set=
ac_cv_env_target_alias_value=
ac_cv_header_Judy_h=yes
ac_cv_header_bft_bft_h=yes
ac_cv_header_inttypes_h=yes
ac_cv_header_jemalloc_jemalloc_h=yes
ac_cv_header_memory_h=yes
ac_cv_header_stdbool_h=yes
ac_cv_header_stdc=yes
ac_cv_header_stdint_h=yes
ac_cv_header_stdlib_h=yes
ac_cv_header_string_h=yes
ac_cv_header_strings_h=yes
ac_cv_header_sys_stat_h=yes
ac_cv_header_sys_types_h=yes
ac_cv_header_unistd_h=yes
ac_cv_objext=o
ac_cv_path_EGREP='/usr/bin/grep -E'
ac_cv_path_GREP=/usr/bin/grep
ac_cv_prog_CPP='gcc -E'
ac_cv_prog_SEVENZIP=7z_present
ac_cv_prog_ac_ct_CC=gcc
ac_cv_prog_cc_c89=
ac_cv_prog_cc_g=yes
ac_cv_search_JudySLIns=-lJudy
ac_cv_search_insert_Genomes_from_KmerFiles=-lbft
ac_cv_search_je_malloc_stats_print=no
ac_cv_search_malloc_stats_print=-ljemalloc
ac_cv_type__Bool=yes
ac_cv_type_off_t=yes
ac_cv_type_size_t=yes

## ----------------- ##
## Output variables. ##
## ----------------- ##

CC='gcc'
CFLAGS='-O3 -Wall -std=c99 -Wno-unknown-pragmas -D_7ZIP_ST'
CPP='gcc -E'
CPPFLAGS=''
DEFS='-DPACKAGE_NAME=\"darrc\" -DPACKAGE_TARNAME=\"darrc\" -DPACKAGE_VERSION=\"0.1\" -DPACKAGE_STRING=\"darrc\ 0.1\" -DPACKAGE_BUGREPORT=\"\" -DPACKAGE_URL=\"\" -DSTDC_HEADERS=1 -DHAVE_SYS_TYPES_H=1 -DHAVE_SYS_STAT_H=1 -DHAVE_STDLIB_H=1 -DHAVE_STRING_H=1 -DHAVE_MEMORY_H=1 -DHAVE_STRINGS_H=1 -DHAVE_INTTYPES_H=1 -DHAVE_STDINT_H=1 -DHAVE_UNISTD_H=1 -DHAVE_JUDY_H=1 -DHAVE_JEMALLOC_JEMALLOC_H=1 -DHAVE_BFT_BFT_H=1 -DHAVE__BOOL=1'
ECHO_C=''
ECHO_N='-n'
ECHO_T=''
EGREP='/usr/bin/grep -E'
EXEEXT=''
GREP='/usr/bin/grep'
LDFLAGS=''
LIBOBJS=''
LIBS='-lbft -ljemalloc -lJudy  -lm'
LTLIBOBJS=''
OBJEXT='o'
PACKAGE_BUGREPORT=''
PACKAGE_NAME='darrc'
PACKAGE_STRING='darrc 0.1'
PACKAGE_TARNAME='darrc'
PACKAGE_URL=''
PACKAGE_VERSION='0.1'
PATH_SEPARATOR=':'
SEVENZIP='7z_present'
SHELL='/bin/bash'
ac_ct_CC='gcc'
bindir='${exec_prefix}/bin'
build_alias=''
datadir='${datarootdir}'
datarootdir='${prefix}/share'
docdir='${datarootdir}/doc/${PACKAGE_TARNAME}'
dvidir='${docdir}'
exec_prefix='${prefix}'
host_alias=''
htmldir='${docdir}'
includedir='${prefix}/include'
infodir='${datarootdir}/info'
libdir='${exec_prefix}/lib'
libexecdir='${exec_prefix}/libexec'
localedir='${datarootdir}/locale'
localstatedir='${prefix}/var'
mandir='${datarootdir}/man'
oldincludedir='/usr/include'
pdfdir='${docdir}'
prefix='/usr/local'
program_transform_name='s,x,x,'
psdir='${docdir}'
sbindir='${exec_prefix}/sbin'
sharedstatedir='${prefix}/com'
sysconfdir='${prefix}/etc'
target_alias=''

## ----------- ##
## confdefs.h. ##
## ----------- ##

/* confdefs.h */
#define PACKAGE_NAME "darrc"
#define PACKAGE_TARNAME "darrc"
#define PACKAGE_VERSION "0.1"
#define PACKAGE_STRING "darrc 0.1"
#define PACKAGE_BUGREPORT ""
#define PACKAGE_URL ""
#define STDC_HEADERS 1
#define HAVE_SYS_TYPES_H 1
#define HAVE_SYS_STAT_H 1
#define HAVE_STDLIB_H 1
#define HAVE_STRING_H 1
#define HAVE_MEMORY_H 1
#define HAVE_STRINGS_H 1
#define HAVE_INTTYPES_H 1
#define HAVE_STDINT_H 1
#define HAVE_UNISTD_H 1
#define HAVE_JUDY_H 1
#define HAVE_JEMALLOC_JEMALLOC_H 1
#define HAVE_BFT_BFT_H 1
#define HAVE__BOOL 1

configure: exit 0
